[Licensing::Module] Trying to connect to existing licensing client channel...
Built from '6000.2/staging' branch; Version is '6000.2.13f1 (abdb44fca7f7) revision 11262788'; Using compiler version '194234433'; Build Type 'Release'
OS: 'Windows 11  (10.0.26100) 64bit Professional' Language: 'en' Physical Memory: 16222 MB
[Licensing::IpcConnector] Successfully connected to: "LicenseClient-HP" at "2025-11-27T06:52:55.9609561Z"
BatchMode: 1, IsHumanControllingUs: 0, StartBugReporterOnCrash: 0, Is64bit: 1
Date: 2025-11-27T06:52:55Z

COMMAND LINE ARGUMENTS:
C:\Program Files\Unity\Hub\Editor\6000.2.13f1-x86_64\Editor\Unity.exe
-adb2
-batchMode
-noUpm
-name
AssetImportWorker2
-projectPath
E:/Collab Projek/IT-Sensing-Prototype
-logFile
Logs/AssetImportWorker2.log
-srvPort
63273
-licensingIpc
LicenseClient-HP
-job-worker-count
5
-background-job-worker-count
8
-gc-helper-count
1
-name
AssetImport
Successfully changed project path to: E:/Collab Projek/IT-Sensing-Prototype
E:/Collab Projek/IT-Sensing-Prototype
[UnityMemory] Configuration Parameters - Can be set up in boot.config
    "memorysetup-allocator-temp-initial-block-size-main=262144"
    "memorysetup-allocator-temp-initial-block-size-worker=262144"
    "memorysetup-bucket-allocator-granularity=16"
    "memorysetup-bucket-allocator-bucket-count=8"
    "memorysetup-bucket-allocator-block-size=33554432"
    "memorysetup-bucket-allocator-block-count=8"
    "memorysetup-main-allocator-block-size=16777216"
    "memorysetup-thread-allocator-block-size=16777216"
    "memorysetup-gfx-main-allocator-block-size=16777216"
    "memorysetup-gfx-thread-allocator-block-size=16777216"
    "memorysetup-cache-allocator-block-size=4194304"
    "memorysetup-typetree-allocator-block-size=2097152"
    "memorysetup-profiler-bucket-allocator-granularity=16"
    "memorysetup-profiler-bucket-allocator-bucket-count=8"
    "memorysetup-profiler-bucket-allocator-block-size=33554432"
    "memorysetup-profiler-bucket-allocator-block-count=8"
    "memorysetup-profiler-allocator-block-size=16777216"
    "memorysetup-profiler-editor-allocator-block-size=1048576"
    "memorysetup-temp-allocator-size-main=16777216"
    "memorysetup-job-temp-allocator-block-size=2097152"
    "memorysetup-job-temp-allocator-block-size-background=1048576"
    "memorysetup-job-temp-allocator-reduction-small-platforms=262144"
    "memorysetup-temp-allocator-size-background-worker=32768"
    "memorysetup-temp-allocator-size-job-worker=262144"
    "memorysetup-temp-allocator-size-preload-manager=33554432"
    "memorysetup-temp-allocator-size-nav-mesh-worker=65536"
    "memorysetup-temp-allocator-size-audio-worker=65536"
    "memorysetup-temp-allocator-size-cloud-worker=32768"
    "memorysetup-temp-allocator-size-gi-baking-worker=262144"
    "memorysetup-temp-allocator-size-gi-baking-worker=262144"
    "memorysetup-temp-allocator-size-gi-baking-worker=262144"
    "memorysetup-temp-allocator-size-gi-baking-worker=262144"
    "memorysetup-temp-allocator-size-gi-baking-worker=262144"
    "memorysetup-temp-allocator-size-gfx=262144"
Player connection [6000]  Target information:

Player connection [6000]  * "[IP] 192.168.1.144 [Port] 0 [Flags] 2 [Guid] 2915637042 [EditorId] 2915637042 [Version] 1048832 [Id] WindowsEditor(7,DESKTOP-5GQPUDL) [Debug] 1 [PackageName] WindowsEditor [ProjectName] Editor" 

Player connection [6000] Host joined multi-casting on [225.0.0.222:54997]...
Player connection [6000] Host joined alternative multi-casting on [225.0.0.222:34997]...
JobSystem: Creating JobQueue using job-worker-count value 5
Input System module state changed to: Initialized.
[Physics::Module] Initialized fallback backend.
[Physics::Module] Id: 0xdecafbad
Library Redirect Path: Library/
[Physics::Module] Selected backend.
[Physics::Module] Name: PhysX
[Physics::Module] Id: 0xf2b8ea05
[Physics::Module] SDK Version: 4.1.2
[Physics::Module] Integration Version: 1.0.0
[Physics::Module] Threading Mode: Multi-Threaded
Refreshing native plugins compatible for Editor in 6.48 ms, found 4 plugins.
Preloading 0 native plugins for Editor in 0.00 ms.
Initialize engine version: 6000.2.13f1 (abdb44fca7f7)
[Subsystems] Discovering subsystems at path C:/Program Files/Unity/Hub/Editor/6000.2.13f1-x86_64/Editor/Data/Resources/UnitySubsystems
[Subsystems] Discovering subsystems at path E:/Collab Projek/IT-Sensing-Prototype/Assets
GfxDevice: creating device client; kGfxThreadingModeNonThreaded
Direct3D:
    Version:  Direct3D 11.0 [level 11.1]
    Renderer: Intel(R) UHD Graphics 630 (ID=0x3e92)
    Vendor:   Intel
    VRAM:     8111 MB
    Driver:   30.0.101.1339
Initialize mono
Mono path[0] = 'C:/Program Files/Unity/Hub/Editor/6000.2.13f1-x86_64/Editor/Data/Managed'
Mono path[1] = 'C:/Program Files/Unity/Hub/Editor/6000.2.13f1-x86_64/Editor/Data/MonoBleedingEdge/lib/mono/unityjit-win32'
Mono config path = 'C:/Program Files/Unity/Hub/Editor/6000.2.13f1-x86_64/Editor/Data/MonoBleedingEdge/etc'
Using monoOptions --debugger-agent=transport=dt_socket,embedding=1,server=y,suspend=n,address=127.0.0.1:56080
Begin MonoManager ReloadAssembly
Registering precompiled unity dll's ...
Register platform support module: C:/Program Files/Unity/Hub/Editor/6000.2.13f1-x86_64/Editor/Data/PlaybackEngines/WindowsStandaloneSupport/UnityEditor.WindowsStandalone.Extensions.dll
Registered in 0.003590 seconds.
- Loaded All Assemblies, in  0.824 seconds
Native extension for WindowsStandalone target not found
Mono: successfully reloaded assembly
- Finished resetting the current domain, in  0.803 seconds
Domain Reload Profiling: 1624ms
	BeginReloadAssembly (268ms)
		ExecutionOrderSort (0ms)
		DisableScriptedObjects (0ms)
		BackupInstance (0ms)
		ReleaseScriptingObjects (0ms)
		CreateAndSetChildDomain (2ms)
	RebuildCommonClasses (91ms)
	RebuildNativeTypeToScriptingClass (31ms)
	initialDomainReloadingComplete (101ms)
	LoadAllAssembliesAndSetupDomain (330ms)
		LoadAssemblies (259ms)
		RebuildTransferFunctionScriptingTraits (0ms)
		AnalyzeDomain (325ms)
			TypeCache.Refresh (321ms)
				TypeCache.ScanAssembly (282ms)
			BuildScriptInfoCaches (0ms)
			ResolveRequiredComponents (1ms)
	FinalizeReload (805ms)
		ReleaseScriptCaches (0ms)
		RebuildScriptCaches (0ms)
		SetupLoadedEditorAssemblies (697ms)
			LogAssemblyErrors (0ms)
			InitializePlatformSupportModulesInManaged (121ms)
			SetLoadedEditorAssemblies (8ms)
			BeforeProcessingInitializeOnLoad (162ms)
			ProcessInitializeOnLoadAttributes (287ms)
			ProcessInitializeOnLoadMethodAttributes (118ms)
			AfterProcessingInitializeOnLoad (0ms)
			EditorAssembliesLoaded (0ms)
		ExecutionOrderSort2 (0ms)
		AwakeInstancesAfterBackupRestoration (0ms)
[Licensing::Client] Error: HandshakeResponse reported an error:
	ResponseCode: 505
	ResponseStatus: Unsupported protocol version '1.17.4'.
[Licensing::Module] Error: Failed to handshake to channel: "LicenseClient-HP"
[Licensing::IpcConnector] LicenseClient-HP channel disconnected successfully.
[Licensing::IpcConnector] Successfully connected to: "LicenseClient-HP-6000.2.13" at "2025-11-27T06:52:58.5337599Z"
========================================================================
Worker process is ready to serve import requests
Import Worker Mode flag is 0x00
Begin MonoManager ReloadAssembly
[Licensing::Module] Licensing is not yet initialized.
[Licensing::Client] Handshaking with LicensingClient:
  Version:                 1.17.4+4293ba1
  Session Id:              37b13276dbbf4e5db36552aec355a15c
  Correlation Id:          7432ff0c16242da19f675b52b2328fab
  External correlation Id: 5055598497707479996
  Machine Id:              79xrHUfEI+wpUoeJ1/Oosi+3ogs=
[Licensing::Module] Successfully connected to LicensingClient on channel: "LicenseClient-HP-6000.2.13" (connect: 0.00s, validation: 0.00s, handshake: 2.53s)
[Licensing::IpcConnector] Successfully connected to: "LicenseClient-HP-6000.2.13-notifications" at "2025-11-27T06:53:01.0679899Z"
[Licensing::Module] Licensing Background thread has ended after 5.11s
[Licensing::Module] Licensing is initialized (took 2.19s).
[Licensing::Client] Successfully resolved entitlement details
[Licensing::Module] License group:
  Id: 18967485101080-UnityPersXXXX
  Product: Unity Personal
  Type: Assigned
  Expiration: Unlimited
- Loaded All Assemblies, in  3.644 seconds
Refreshing native plugins compatible for Editor in 2.07 ms, found 4 plugins.
Native extension for WindowsStandalone target not found
Package Manager log level set to [2]
[Package Manager] Failed to launch server process. Reason: Unity was launched with the -noUpm command-line argument
[Package Manager] Unable to send message (not connected to server process).
[Package Manager] Cannot connect to Unity Package Manager local server
Mono: successfully reloaded assembly
- Finished resetting the current domain, in  1.100 seconds
Domain Reload Profiling: 4737ms
	BeginReloadAssembly (2588ms)
		ExecutionOrderSort (0ms)
		DisableScriptedObjects (16ms)
		BackupInstance (0ms)
		ReleaseScriptingObjects (0ms)
		CreateAndSetChildDomain (62ms)
	RebuildCommonClasses (79ms)
	RebuildNativeTypeToScriptingClass (26ms)
	initialDomainReloadingComplete (83ms)
	LoadAllAssembliesAndSetupDomain (862ms)
		LoadAssemblies (722ms)
		RebuildTransferFunctionScriptingTraits (0ms)
		AnalyzeDomain (368ms)
			TypeCache.Refresh (282ms)
				TypeCache.ScanAssembly (261ms)
			BuildScriptInfoCaches (66ms)
			ResolveRequiredComponents (13ms)
	FinalizeReload (1100ms)
		ReleaseScriptCaches (0ms)
		RebuildScriptCaches (0ms)
		SetupLoadedEditorAssemblies (921ms)
			LogAssemblyErrors (0ms)
			InitializePlatformSupportModulesInManaged (3ms)
			SetLoadedEditorAssemblies (10ms)
			BeforeProcessingInitializeOnLoad (229ms)
			ProcessInitializeOnLoadAttributes (603ms)
			ProcessInitializeOnLoadMethodAttributes (68ms)
			AfterProcessingInitializeOnLoad (9ms)
			EditorAssembliesLoaded (0ms)
		ExecutionOrderSort2 (0ms)
		AwakeInstancesAfterBackupRestoration (12ms)
Launched and connected shader compiler UnityShaderCompiler.exe after 0.02 seconds
Refreshing native plugins compatible for Editor in 1.57 ms, found 4 plugins.
Preloading 0 native plugins for Editor in 0.00 ms.
Unloading 0 Unused Serialized files (Serialized files now loaded: 0)
Unloading 4971 unused Assets / (1.5 MB). Loaded Objects now: 5478.
Memory consumption went from 91.2 MB to 89.6 MB.
Total: 10.271600 ms (FindLiveObjects: 0.634600 ms CreateObjectMapping: 0.808000 ms MarkObjects: 6.743800 ms  DeleteObjects: 2.084100 ms)

========================================================================
Received Prepare
Begin MonoManager ReloadAssembly
- Loaded All Assemblies, in  1.068 seconds
Refreshing native plugins compatible for Editor in 1.86 ms, found 4 plugins.
Native extension for WindowsStandalone target not found
[Package Manager] Failed to launch server process. Reason: Unity was launched with the -noUpm command-line argument
[Package Manager] Unable to send message (not connected to server process).
[Package Manager] Cannot connect to Unity Package Manager local server
Mono: successfully reloaded assembly
- Finished resetting the current domain, in  1.027 seconds
Domain Reload Profiling: 2095ms
	BeginReloadAssembly (339ms)
		ExecutionOrderSort (0ms)
		DisableScriptedObjects (21ms)
		BackupInstance (0ms)
		ReleaseScriptingObjects (0ms)
		CreateAndSetChildDomain (74ms)
	RebuildCommonClasses (52ms)
	RebuildNativeTypeToScriptingClass (20ms)
	initialDomainReloadingComplete (42ms)
	LoadAllAssembliesAndSetupDomain (615ms)
		LoadAssemblies (523ms)
		RebuildTransferFunctionScriptingTraits (0ms)
		AnalyzeDomain (257ms)
			TypeCache.Refresh (14ms)
				TypeCache.ScanAssembly (1ms)
			BuildScriptInfoCaches (229ms)
			ResolveRequiredComponents (9ms)
	FinalizeReload (1027ms)
		ReleaseScriptCaches (0ms)
		RebuildScriptCaches (0ms)
		SetupLoadedEditorAssemblies (814ms)
			LogAssemblyErrors (0ms)
			InitializePlatformSupportModulesInManaged (2ms)
			SetLoadedEditorAssemblies (8ms)
			BeforeProcessingInitializeOnLoad (219ms)
			ProcessInitializeOnLoadAttributes (517ms)
			ProcessInitializeOnLoadMethodAttributes (59ms)
			AfterProcessingInitializeOnLoad (8ms)
			EditorAssembliesLoaded (0ms)
		ExecutionOrderSort2 (0ms)
		AwakeInstancesAfterBackupRestoration (16ms)
Refreshing native plugins compatible for Editor in 1.97 ms, found 4 plugins.
Preloading 0 native plugins for Editor in 0.00 ms.
Unloading 0 Unused Serialized files (Serialized files now loaded: 0)
Unloading 4969 unused Assets / (1.5 MB). Loaded Objects now: 5482.
Memory consumption went from 93.0 MB to 91.6 MB.
Total: 9.296400 ms (FindLiveObjects: 0.690000 ms CreateObjectMapping: 0.735700 ms MarkObjects: 6.015600 ms  DeleteObjects: 1.854100 ms)

Prepare: number of updated asset objects reloaded= 0
========================================================================
Received Import Request.
  Time since last request: 9017.429329 seconds.
  path: Assets/UI/SlippyMapController_noproxy1.cs
  artifactKey: Guid(339b8021f7a728842b3ead38eced180a) Importer(815301076,1909f56bfc062723c751e8b465ee728b)
Start importing Assets/UI/SlippyMapController_noproxy1.cs using Guid(339b8021f7a728842b3ead38eced180a) Importer(815301076,1909f56bfc062723c751e8b465ee728b) (PreviewImporter) -> (artifact id: '4c236195407a5fd2a4d7d8a16ab1232e') in 0.0060885 seconds
Number of updated asset objects reloaded before import = 0Number of asset objects unloaded after import = 0

========================================================================
Received Import Request.
  Time since last request: 32.882810 seconds.
  path: Assets/UI/Warna
  artifactKey: Guid(4285a7b509fb3944483934a1523a43cc) Importer(815301076,1909f56bfc062723c751e8b465ee728b)
Start importing Assets/UI/Warna using Guid(4285a7b509fb3944483934a1523a43cc) Importer(815301076,1909f56bfc062723c751e8b465ee728b) (PreviewImporter) -> (artifact id: '071cf06c472c6c4bdb5c26f5d84e2327') in 0.0009399 seconds
Number of updated asset objects reloaded before import = 0Number of asset objects unloaded after import = 0

========================================================================
Received Import Request.
  Time since last request: 0.092066 seconds.
  path: Assets/UI/Warna/add.png
  artifactKey: Guid(4a4b204814bb564429c6e4d13e8b17cd) Importer(815301076,1909f56bfc062723c751e8b465ee728b)
Start importing Assets/UI/Warna/add.png using Guid(4a4b204814bb564429c6e4d13e8b17cd) Importer(815301076,1909f56bfc062723c751e8b465ee728b) (PreviewImporter) -> (artifact id: '93997a40ef6a952f118ddf3d327496e1') in 0.2249069 seconds
Number of updated asset objects reloaded before import = 0Number of asset objects unloaded after import = 6

========================================================================
Received Import Request.
  Time since last request: 0.000037 seconds.
  path: Assets/UI/Warna/draw_polygon.png
  artifactKey: Guid(7378b43e318de974bbe8ee6d01056b46) Importer(815301076,1909f56bfc062723c751e8b465ee728b)
Start importing Assets/UI/Warna/draw_polygon.png using Guid(7378b43e318de974bbe8ee6d01056b46) Importer(815301076,1909f56bfc062723c751e8b465ee728b) (PreviewImporter) -> (artifact id: '8969377877318035be42c1a26b2f804b') in 0.0359197 seconds
Number of updated asset objects reloaded before import = 0Number of asset objects unloaded after import = 3

========================================================================
Received Import Request.
  Time since last request: 0.000039 seconds.
  path: Assets/UI/Warna/dislocation.png
  artifactKey: Guid(4db6e2ab42834dd44950ea75832a099a) Importer(815301076,1909f56bfc062723c751e8b465ee728b)
Start importing Assets/UI/Warna/dislocation.png using Guid(4db6e2ab42834dd44950ea75832a099a) Importer(815301076,1909f56bfc062723c751e8b465ee728b) (PreviewImporter) -> (artifact id: 'c01cb66b0df0aa34219fe017509ea519') in 0.0616157 seconds
Number of updated asset objects reloaded before import = 0Number of asset objects unloaded after import = 8

========================================================================
Received Import Request.
  Time since last request: 0.000027 seconds.
  path: Assets/UI/Warna/designer.png
  artifactKey: Guid(b0f081e6571a99a4eb72a24cbd0038a2) Importer(815301076,1909f56bfc062723c751e8b465ee728b)
Start importing Assets/UI/Warna/designer.png using Guid(b0f081e6571a99a4eb72a24cbd0038a2) Importer(815301076,1909f56bfc062723c751e8b465ee728b) (PreviewImporter) -> (artifact id: '6c76aec3dce32c886a1fe3fcf770f755') in 0.0400532 seconds
Number of updated asset objects reloaded before import = 0Number of asset objects unloaded after import = 4

========================================================================
Received Import Request.
  Time since last request: 0.000038 seconds.
  path: Assets/UI/Warna/line.png
  artifactKey: Guid(187bd46801154e247921a8b1c4fdb1de) Importer(815301076,1909f56bfc062723c751e8b465ee728b)
Start importing Assets/UI/Warna/line.png using Guid(187bd46801154e247921a8b1c4fdb1de) Importer(815301076,1909f56bfc062723c751e8b465ee728b) (PreviewImporter) -> (artifact id: 'fd6372ef8d0608ceffe734d7adb28f32') in 0.033015 seconds
Number of updated asset objects reloaded before import = 0Number of asset objects unloaded after import = 3

========================================================================
Received Import Request.
  Time since last request: 0.000021 seconds.
  path: Assets/UI/Warna/new-product.png
  artifactKey: Guid(44b090537b243a5439e2ecded3d9e964) Importer(815301076,1909f56bfc062723c751e8b465ee728b)
Start importing Assets/UI/Warna/new-product.png using Guid(44b090537b243a5439e2ecded3d9e964) Importer(815301076,1909f56bfc062723c751e8b465ee728b) (PreviewImporter) -> (artifact id: '420ecde90d4d6f6e150ef15432383f87') in 0.0547926 seconds
Number of updated asset objects reloaded before import = 0Number of asset objects unloaded after import = 6

========================================================================
Received Import Request.
  Time since last request: 0.000028 seconds.
  path: Assets/UI/Warna/open-source.png
  artifactKey: Guid(fa22b53d76ddaac4a9ff53bdd18a7165) Importer(815301076,1909f56bfc062723c751e8b465ee728b)
Start importing Assets/UI/Warna/open-source.png using Guid(fa22b53d76ddaac4a9ff53bdd18a7165) Importer(815301076,1909f56bfc062723c751e8b465ee728b) (PreviewImporter) -> (artifact id: 'df73eedfff7f687f862269a6b4cfe936') in 0.0366226 seconds
Number of updated asset objects reloaded before import = 0Number of asset objects unloaded after import = 3

========================================================================
Received Import Request.
  Time since last request: 0.000032 seconds.
  path: Assets/UI/Warna/clock.png
  artifactKey: Guid(97df4a3d3f3dc8447b9e811cc500f065) Importer(815301076,1909f56bfc062723c751e8b465ee728b)
Start importing Assets/UI/Warna/clock.png using Guid(97df4a3d3f3dc8447b9e811cc500f065) Importer(815301076,1909f56bfc062723c751e8b465ee728b) (PreviewImporter) -> (artifact id: 'c05d49dcc5db538285808a196e2160ab') in 0.0364927 seconds
Number of updated asset objects reloaded before import = 0Number of asset objects unloaded after import = 3

========================================================================
Received Import Request.
  Time since last request: 0.000037 seconds.
  path: Assets/UI/Warna/detection.png
  artifactKey: Guid(2f3d3133796d4e540856ab71a23718d7) Importer(815301076,1909f56bfc062723c751e8b465ee728b)
Start importing Assets/UI/Warna/detection.png using Guid(2f3d3133796d4e540856ab71a23718d7) Importer(815301076,1909f56bfc062723c751e8b465ee728b) (PreviewImporter) -> (artifact id: '8da56ad42f50a702f57e6807fe7947f2') in 0.0338698 seconds
Number of updated asset objects reloaded before import = 0Number of asset objects unloaded after import = 3

========================================================================
Received Import Request.
  Time since last request: 0.000042 seconds.
  path: Assets/UI/Warna/draw_point.png
  artifactKey: Guid(38fd5c247c3100b4bbdf5236056b3dc7) Importer(815301076,1909f56bfc062723c751e8b465ee728b)
Start importing Assets/UI/Warna/draw_point.png using Guid(38fd5c247c3100b4bbdf5236056b3dc7) Importer(815301076,1909f56bfc062723c751e8b465ee728b) (PreviewImporter) -> (artifact id: '76e52eaf19e2ae950889ea7a5063130b') in 0.0326786 seconds
Number of updated asset objects reloaded before import = 0Number of asset objects unloaded after import = 3

========================================================================
Received Import Request.
  Time since last request: 0.000039 seconds.
  path: Assets/UI/Warna/ppk_processing.png
  artifactKey: Guid(e47e3659ca036f74a956eb5b3b17afbb) Importer(815301076,1909f56bfc062723c751e8b465ee728b)
Start importing Assets/UI/Warna/ppk_processing.png using Guid(e47e3659ca036f74a956eb5b3b17afbb) Importer(815301076,1909f56bfc062723c751e8b465ee728b) (PreviewImporter) -> (artifact id: '08fd39cf01264a5833df449e608bc3fe') in 0.061572 seconds
Number of updated asset objects reloaded before import = 0Number of asset objects unloaded after import = 7

========================================================================
Received Import Request.
  Time since last request: 0.000027 seconds.
  path: Assets/UI/Warna/pos_data_viewer.png
  artifactKey: Guid(fb1e02a9dd053ca42a8ea8adf034de6a) Importer(815301076,1909f56bfc062723c751e8b465ee728b)
Start importing Assets/UI/Warna/pos_data_viewer.png using Guid(fb1e02a9dd053ca42a8ea8adf034de6a) Importer(815301076,1909f56bfc062723c751e8b465ee728b) (PreviewImporter) -> (artifact id: '92abd4f5d5998bcaee08d2275637bc90') in 0.031008 seconds
Number of updated asset objects reloaded before import = 0Number of asset objects unloaded after import = 3

========================================================================
Received Import Request.
  Time since last request: 0.000023 seconds.
  path: Assets/UI/Warna/informaation.png
  artifactKey: Guid(a5edf3ae3fbf2674c8fc8f8bd65addcf) Importer(815301076,1909f56bfc062723c751e8b465ee728b)
Start importing Assets/UI/Warna/informaation.png using Guid(a5edf3ae3fbf2674c8fc8f8bd65addcf) Importer(815301076,1909f56bfc062723c751e8b465ee728b) (PreviewImporter) -> (artifact id: '74b6860b5bb7888e2e45b63da46adcf1') in 0.0418451 seconds
Number of updated asset objects reloaded before import = 0Number of asset objects unloaded after import = 3

========================================================================
Received Import Request.
  Time since last request: 0.000039 seconds.
  path: Assets/UI/Warna/fitur2.png
  artifactKey: Guid(9ca07e6476a3f3c4b935cd64259d48b7) Importer(815301076,1909f56bfc062723c751e8b465ee728b)
Start importing Assets/UI/Warna/fitur2.png using Guid(9ca07e6476a3f3c4b935cd64259d48b7) Importer(815301076,1909f56bfc062723c751e8b465ee728b) (PreviewImporter) -> (artifact id: '8c6d9930ee756015a892c87c77f2658d') in 0.0289197 seconds
Number of updated asset objects reloaded before import = 0Number of asset objects unloaded after import = 3

========================================================================
Received Import Request.
  Time since last request: 0.000046 seconds.
  path: Assets/UI/Warna/create_aoi.png
  artifactKey: Guid(da08f335d2ca9194c93b1b336a380543) Importer(815301076,1909f56bfc062723c751e8b465ee728b)
Start importing Assets/UI/Warna/create_aoi.png using Guid(da08f335d2ca9194c93b1b336a380543) Importer(815301076,1909f56bfc062723c751e8b465ee728b) (PreviewImporter) -> (artifact id: 'ce608525c4a9a3c3ca7fa2c2c5c1c27c') in 0.0330133 seconds
Number of updated asset objects reloaded before import = 0Number of asset objects unloaded after import = 3

========================================================================
Received Import Request.
  Time since last request: 0.000094 seconds.
  path: Assets/UI/Warna/printer.png
  artifactKey: Guid(862abcd87c22d6840b4addf6c369d262) Importer(815301076,1909f56bfc062723c751e8b465ee728b)
Start importing Assets/UI/Warna/printer.png using Guid(862abcd87c22d6840b4addf6c369d262) Importer(815301076,1909f56bfc062723c751e8b465ee728b) (PreviewImporter) -> (artifact id: '4598bbf2de438295290c6b94577c2241') in 0.0317381 seconds
Number of updated asset objects reloaded before import = 0Number of asset objects unloaded after import = 3

========================================================================
Received Import Request.
  Time since last request: 0.000029 seconds.
  path: Assets/UI/Warna/prism.png
  artifactKey: Guid(845340a6563a7d84a9357a805086abf1) Importer(815301076,1909f56bfc062723c751e8b465ee728b)
Start importing Assets/UI/Warna/prism.png using Guid(845340a6563a7d84a9357a805086abf1) Importer(815301076,1909f56bfc062723c751e8b465ee728b) (PreviewImporter) -> (artifact id: '086eeda07a41fb30338da1bf6259e6b5') in 0.0349992 seconds
Number of updated asset objects reloaded before import = 0Number of asset objects unloaded after import = 3

========================================================================
Received Import Request.
  Time since last request: 0.000021 seconds.
  path: Assets/UI/Warna/location.png
  artifactKey: Guid(5638b05539175ce4bbe4ac3cc4e48e1c) Importer(815301076,1909f56bfc062723c751e8b465ee728b)
Start importing Assets/UI/Warna/location.png using Guid(5638b05539175ce4bbe4ac3cc4e48e1c) Importer(815301076,1909f56bfc062723c751e8b465ee728b) (PreviewImporter) -> (artifact id: '0d5bd68c01f7e2c5df60193d09ec25a9') in 0.0331723 seconds
Number of updated asset objects reloaded before import = 0Number of asset objects unloaded after import = 3

========================================================================
Received Import Request.
  Time since last request: 0.000030 seconds.
  path: Assets/UI/Warna/geotagging.png
  artifactKey: Guid(97175e887006ea24f9cf0139a1e68260) Importer(815301076,1909f56bfc062723c751e8b465ee728b)
Start importing Assets/UI/Warna/geotagging.png using Guid(97175e887006ea24f9cf0139a1e68260) Importer(815301076,1909f56bfc062723c751e8b465ee728b) (PreviewImporter) -> (artifact id: 'ae6ca522f97fa3cddd4f201c24a63576') in 0.0322038 seconds
Number of updated asset objects reloaded before import = 0Number of asset objects unloaded after import = 3

========================================================================
Received Import Request.
  Time since last request: 0.000029 seconds.
  path: Assets/UI/Warna/more.png
  artifactKey: Guid(297a08213083d454989da82a4e8e5775) Importer(815301076,1909f56bfc062723c751e8b465ee728b)
Start importing Assets/UI/Warna/more.png using Guid(297a08213083d454989da82a4e8e5775) Importer(815301076,1909f56bfc062723c751e8b465ee728b) (PreviewImporter) -> (artifact id: 'ff4e04aedd8b910f7f091255350cefee') in 0.032745 seconds
Number of updated asset objects reloaded before import = 0Number of asset objects unloaded after import = 3

========================================================================
Received Import Request.
  Time since last request: 0.000048 seconds.
  path: Assets/UI/Warna/exchange.png
  artifactKey: Guid(99934bbf41f60354ab433071747e6127) Importer(815301076,1909f56bfc062723c751e8b465ee728b)
Start importing Assets/UI/Warna/exchange.png using Guid(99934bbf41f60354ab433071747e6127) Importer(815301076,1909f56bfc062723c751e8b465ee728b) (PreviewImporter) -> (artifact id: 'e65a6b722a1c773da7f619f1263bcd88') in 0.0625518 seconds
Number of updated asset objects reloaded before import = 0Number of asset objects unloaded after import = 6

========================================================================
Received Import Request.
  Time since last request: 0.000031 seconds.
  path: Assets/UI/Warna/layers.png
  artifactKey: Guid(be1ebcf4a63a0284da7d0d1f17217025) Importer(815301076,1909f56bfc062723c751e8b465ee728b)
Start importing Assets/UI/Warna/layers.png using Guid(be1ebcf4a63a0284da7d0d1f17217025) Importer(815301076,1909f56bfc062723c751e8b465ee728b) (PreviewImporter) -> (artifact id: 'b5138d0427a08cb438da467ae45b1c58') in 0.0294739 seconds
Number of updated asset objects reloaded before import = 0Number of asset objects unloaded after import = 3

========================================================================
Received Import Request.
  Time since last request: 0.000024 seconds.
  path: Assets/UI/Warna/data-classification.png
  artifactKey: Guid(bc3074d4136229e46895e2892be8ad04) Importer(815301076,1909f56bfc062723c751e8b465ee728b)
Start importing Assets/UI/Warna/data-classification.png using Guid(bc3074d4136229e46895e2892be8ad04) Importer(815301076,1909f56bfc062723c751e8b465ee728b) (PreviewImporter) -> (artifact id: '593d63c69a79b726483f49f5d4160a78') in 0.0288231 seconds
Number of updated asset objects reloaded before import = 0Number of asset objects unloaded after import = 3

========================================================================
Received Import Request.
  Time since last request: 0.503197 seconds.
  path: Assets/UI/Warna/procces.png
  artifactKey: Guid(cf61e263f71451347a848b46757f3c8b) Importer(815301076,1909f56bfc062723c751e8b465ee728b)
Start importing Assets/UI/Warna/procces.png using Guid(cf61e263f71451347a848b46757f3c8b) Importer(815301076,1909f56bfc062723c751e8b465ee728b) (PreviewImporter) -> (artifact id: '196b7281ca933a27f39b21633435aec9') in 0.0304721 seconds
Number of updated asset objects reloaded before import = 0Number of asset objects unloaded after import = 3

========================================================================
Received Import Request.
  Time since last request: 0.000025 seconds.
  path: Assets/UI/Warna/split-screen.png
  artifactKey: Guid(c6c4c84c805332d4b9485d793bb32504) Importer(815301076,1909f56bfc062723c751e8b465ee728b)
Start importing Assets/UI/Warna/split-screen.png using Guid(c6c4c84c805332d4b9485d793bb32504) Importer(815301076,1909f56bfc062723c751e8b465ee728b) (PreviewImporter) -> (artifact id: '4eb96c84170fe1b6fe2c758a5859128c') in 0.0486008 seconds
Number of updated asset objects reloaded before import = 0Number of asset objects unloaded after import = 5

========================================================================
Received Import Request.
  Time since last request: 0.000033 seconds.
  path: Assets/UI/Warna/save_roi.png
  artifactKey: Guid(c3211052f6cbf7f44b8684132cfe616b) Importer(815301076,1909f56bfc062723c751e8b465ee728b)
Start importing Assets/UI/Warna/save_roi.png using Guid(c3211052f6cbf7f44b8684132cfe616b) Importer(815301076,1909f56bfc062723c751e8b465ee728b) (PreviewImporter) -> (artifact id: '2c23cb7402662224152d4c26d352950c') in 0.0283175 seconds
Number of updated asset objects reloaded before import = 0Number of asset objects unloaded after import = 3

========================================================================
Received Import Request.
  Time since last request: 0.000041 seconds.
  path: Assets/UI/Warna/teqc_gnss_data_qc.png
  artifactKey: Guid(942655e0e1864504a9c06789acfe188d) Importer(815301076,1909f56bfc062723c751e8b465ee728b)
Start importing Assets/UI/Warna/teqc_gnss_data_qc.png using Guid(942655e0e1864504a9c06789acfe188d) Importer(815301076,1909f56bfc062723c751e8b465ee728b) (PreviewImporter) -> (artifact id: 'acc397b770cd873c3acf20f4ce6d4f91') in 0.042659 seconds
Number of updated asset objects reloaded before import = 0Number of asset objects unloaded after import = 3

========================================================================
Received Import Request.
  Time since last request: 0.000029 seconds.
  path: Assets/UI/Warna/search.png
  artifactKey: Guid(f48dfa62e08536e4e885a2a73bed4d82) Importer(815301076,1909f56bfc062723c751e8b465ee728b)
Start importing Assets/UI/Warna/search.png using Guid(f48dfa62e08536e4e885a2a73bed4d82) Importer(815301076,1909f56bfc062723c751e8b465ee728b) (PreviewImporter) -> (artifact id: 'e7a32ce3e23a29f6f4c56adbfebda4c2') in 0.0304404 seconds
Number of updated asset objects reloaded before import = 0Number of asset objects unloaded after import = 3

========================================================================
Received Import Request.
  Time since last request: 0.000024 seconds.
  path: Assets/UI/Warna/table.png
  artifactKey: Guid(52b970f04f5a09d41bdb68014be5eb73) Importer(815301076,1909f56bfc062723c751e8b465ee728b)
Start importing Assets/UI/Warna/table.png using Guid(52b970f04f5a09d41bdb68014be5eb73) Importer(815301076,1909f56bfc062723c751e8b465ee728b) (PreviewImporter) -> (artifact id: 'a943cc0d0fa8b57f08ac3e2b9e873deb') in 0.0332587 seconds
Number of updated asset objects reloaded before import = 0Number of asset objects unloaded after import = 3

========================================================================
Received Import Request.
  Time since last request: 0.000027 seconds.
  path: Assets/UI/Warna/result.png
  artifactKey: Guid(a88c3b4e6dfb3aa4d91c005f55a36079) Importer(815301076,1909f56bfc062723c751e8b465ee728b)
Start importing Assets/UI/Warna/result.png using Guid(a88c3b4e6dfb3aa4d91c005f55a36079) Importer(815301076,1909f56bfc062723c751e8b465ee728b) (PreviewImporter) -> (artifact id: '96cb9e9cf7937f251860fa2f1ddf1d72') in 0.0546669 seconds
Number of updated asset objects reloaded before import = 0Number of asset objects unloaded after import = 3

========================================================================
Received Import Request.
  Time since last request: 0.000026 seconds.
  path: Assets/UI/Warna/rinex_converter.png
  artifactKey: Guid(b2bb9ddb2a765e94db6f3d18dbc02182) Importer(815301076,1909f56bfc062723c751e8b465ee728b)
Start importing Assets/UI/Warna/rinex_converter.png using Guid(b2bb9ddb2a765e94db6f3d18dbc02182) Importer(815301076,1909f56bfc062723c751e8b465ee728b) (PreviewImporter) -> (artifact id: 'affcabc8dc24bea089e11118e94a51e0') in 0.0288975 seconds
Number of updated asset objects reloaded before import = 0Number of asset objects unloaded after import = 3

========================================================================
Received Import Request.
  Time since last request: 0.365216 seconds.
  path: Assets/UI/Warna/transparency.png
  artifactKey: Guid(8b441940616097c4ab104743427e1822) Importer(815301076,1909f56bfc062723c751e8b465ee728b)
Start importing Assets/UI/Warna/transparency.png using Guid(8b441940616097c4ab104743427e1822) Importer(815301076,1909f56bfc062723c751e8b465ee728b) (PreviewImporter) -> (artifact id: '94b7a44d2f86ca242de43a3a3b42ac7e') in 0.0338624 seconds
Number of updated asset objects reloaded before import = 0Number of asset objects unloaded after import = 3

Editor requested this worker to shutdown with reason: Scaling down because of idle timeout
AssetImportWorker is now disconnected from the server
Process exiting
Exiting without the bug reporter. Application will terminate with return code 0